<?xml version="1.0" encoding="UTF-8"?>
<testsuite name="HelloworldTest" tests="2" skipped="0" failures="0" errors="0" timestamp="2022-07-25T05:17:25" hostname="venkat-zstk271" time="0.02">
  <properties/>
  <testcase name="helloWorldTest()" classname="HelloworldTest" time="0.019"/>
  <testcase name="FailhelloWorldTest()" classname="HelloworldTest" time="0.001"/>
  <system-out><![CDATA[]]></system-out>
  <system-err><![CDATA[]]></system-err>
</testsuite>
